Thu Jul 28 2016 13:37:10 GMT-0400 (EDT): GET /about
Thu Jul 28 2016 13:37:11 GMT-0400 (EDT): GET /favicon.ico
Thu Jul 28 2016 13:42:16 GMT-0400 (EDT): GET /about
Thu Jul 28 2016 13:42:21 GMT-0400 (EDT): GET /
Thu Jul 28 2016 13:43:41 GMT-0400 (EDT): GET /help.html
Thu Jul 28 2016 13:43:46 GMT-0400 (EDT): GET /
Thu Jul 28 2016 13:46:17 GMT-0400 (EDT): GET /
Thu Jul 28 2016 13:46:42 GMT-0400 (EDT): GET /
Thu Jul 28 2016 13:46:45 GMT-0400 (EDT): GET /about
Tue May 22 2018 22:34:56 GMT+0530 (India Standard Time): GET /
Tue May 22 2018 22:34:58 GMT+0530 (India Standard Time): GET /
Tue May 22 2018 22:35:00 GMT+0530 (India Standard Time): GET /about
Tue May 22 2018 22:35:02 GMT+0530 (India Standard Time): GET /
Tue May 22 2018 22:35:03 GMT+0530 (India Standard Time): GET /about
Tue May 22 2018 22:35:06 GMT+0530 (India Standard Time): GET /
Tue May 22 2018 22:35:07 GMT+0530 (India Standard Time): GET /about
Tue May 22 2018 22:37:01 GMT+0530 (India Standard Time): GET /about
Tue May 22 2018 22:37:05 GMT+0530 (India Standard Time): GET /
Tue May 22 2018 22:37:06 GMT+0530 (India Standard Time): GET /about
Tue May 22 2018 22:37:22 GMT+0530 (India Standard Time): GET /about
Tue May 22 2018 22:38:49 GMT+0530 (India Standard Time): GET /about
Tue May 22 2018 22:39:19 GMT+0530 (India Standard Time): GET /about
Tue May 22 2018 23:34:37 GMT+0530 (India Standard Time): GET /about
Tue May 22 2018 23:34:39 GMT+0530 (India Standard Time): GET /about
Tue May 22 2018 23:34:40 GMT+0530 (India Standard Time): GET /
